Arguments: 
  C:\Program Files\nodejs\node.exe C:\Program Files (x86)\Yarn\bin\yarn.js add reflect-metadata -D

PATH: 
  C:\Program Files (x86)\NetSarang\Xshell 6\;C:\Program Files\Java\jdk1.8.0_131\bin;C:\ProgramData\Oracle\Java\javapath;C:\Windows\system32;C:\Windows;C:\Windows\System32\Wbem;C:\Windows\System32\WindowsPowerShell\v1.0\;F:\java\apache-maven-3.3.9\bin;C:\Program Files\MySQL\MySQL Server 5.7\bin;C:\Program Files (x86)\MySQL\MySQL Utilities 1.6\;C:\Program Files\Redis\;C:\Program Files\Git\cmd;C:\Program Files\Microsoft\Web Platform Installer\;C:\Program Files\Microsoft VS Code\bin;C:\Users\大帅比\AppData\Roaming\nvm;C:\Program Files\nodejs;F:\软件\Sdk\platform-tools;C:\Program Files (x86)\Microsoft SQL Server\100\Tools\Binn\;C:\Program Files\Microsoft SQL Server\100\Tools\Binn\;C:\Program Files\Microsoft SQL Server\100\DTS\Binn\;C:\Program Files\nodejs\;C:\Program Files\TortoiseGit\bin;C:\Program Files (x86)\Yarn\bin\;F:\anaconda3;F:\anaconda3\Scripts;F:\Python\Python38-32;;C:\Program Files\MongoDB\Server\4.0\bin;C:\Program Files\Microsoft VS Code\bin;C:\Users\大帅比\AppData\Roaming\nvm;C:\Program Files\nodejs;C:\Users\大帅比\AppData\Roaming\npm;C:\Users\大帅比\AppData\Local\Yarn\bin;F:\Program Files (x86)\Fiddler2;C:\Users\大帅比\AppData\Local\Programs\Microsoft VS Code\bin

Yarn version: 
  1.15.2

Node version: 
  12.14.0

Platform: 
  win32 x64

Trace: 
  Error: read ECONNRESET
      at TCP.onStreamRead (internal/stream_base_commons.js:201:27)

npm manifest: 
  {
    "devDependencies": {
      "class-transformer": "^0.3.1"
    }
  }

yarn manifest: 
  No manifest

Lockfile: 
  # THIS IS AN AUTOGENERATED FILE. DO NOT EDIT THIS FILE DIRECTLY.
  # yarn lockfile v1
  
  
  class-transformer@^0.3.1:
    version "0.3.1"
    resolved "http://registry.eazytec.com/repository/npm-eazytec/class-transformer/-/class-transformer-0.3.1.tgz#ee681a5439ff2230fc57f5056412d3befa70d597"
    integrity sha1-7mgaVDn/IjD8V/UFZBLTvvpw1Zc=
